<?xml version="1.0" encoding="UTF-8"?>
<!-- Generated by org.testng.reporters.JUnitReportReporter -->
<testsuite hostname="DESKTOP-QOIRAG4" failures="0" tests="1" name="com.craigslist.testcases.LongIsland" time="19.273" errors="0" timestamp="2020-09-04T20:40:17 EDT" skipped="0">
  <testcase classname="com.craigslist.testcases.LongIsland" name="longIslandBeachHouse" time="19.273"/>
  <system-out/>
</testsuite> <!-- com.craigslist.testcases.LongIsland -->
