<?xml version="1.0" encoding="UTF-8"?>
<!-- Generated by org.testng.reporters.JUnitReportReporter -->
<testsuite hostname="DESKTOP-QOIRAG4" failures="0" tests="1" name="com.craigslist.testcases.PostwithImages" time="63.781" errors="0" timestamp="2020-09-04T19:13:34 EDT" skipped="0">
  <testcase classname="com.craigslist.testcases.PostwithImages" name="postRoommateAdwithImage" time="63.781"/>
  <system-out>
Click to see Screenshot <a target="_blank" href=Fri_Sep_04_19_13_05_EDT_2020.jpg>Screenshot</a> <br> <br> <a target="_blank" href=Fri_Sep_04_19_13_05_EDT_2020.jpg><img src=Fri_Sep_04_19_13_05_EDT_2020.jpg height=200 width=200></img></a>  </system-out>
</testsuite> <!-- com.craigslist.testcases.PostwithImages -->
