<?xml version="1.0" encoding="UTF-8"?>
<!-- Generated by org.testng.reporters.JUnitReportReporter -->
<testsuite hostname="DESKTOP-QOIRAG4" failures="0" tests="1" name="com.craigslist.testcases.Jewelry" time="18.486" errors="0" timestamp="2020-09-04T20:17:27 EDT" skipped="0">
  <testcase classname="com.craigslist.testcases.Jewelry" name="JewelryTiffany" time="18.486"/>
  <system-out/>
</testsuite> <!-- com.craigslist.testcases.Jewelry -->
